Build started 14/8/2015 6:33:54 PM.
     1>Project "C:\Users\Theai\Documents\SP1\SP1Framework.vcxproj" on node 2 (build target(s)).
     1>InitializeBuildStatus:
         Creating "Debug\SP1Framework.unsuccessfulbuild" because "AlwaysCreate" was specified.
       ClCompile:
         c:\Program Files (x86)\Microsoft Visual Studio 10.0\VC\bin\CL.exe /c /ZI /nologo /W3 /WX- /Od /Oy- /D WIN32 /D _DEBUG /D _CONSOLE /D _UNICODE /D UNICODE /Gm /EHsc /RTC1 /MDd /GS /fp:precise /Zc:wchar_t /Zc:forScope /Fo"Debug\\" /Fd"Debug\vc100.pdb" /Gd /TP /analyze- /errorReport:prompt game.cpp
         game.cpp
     1>c:\users\theai\documents\sp1\game.cpp(223): warning C4018: '<' : signed/unsigned mismatch
     1>c:\users\theai\documents\sp1\game.cpp(235): warning C4018: '<' : signed/unsigned mismatch
     1>c:\users\theai\documents\sp1\game.cpp(241): warning C4018: '<' : signed/unsigned mismatch
     1>c:\users\theai\documents\sp1\game.cpp(247): warning C4018: '<' : signed/unsigned mismatch
     1>c:\users\theai\documents\sp1\game.cpp(219): warning C4715: 'menu' : not all control paths return a value
       Link:
         c:\Program Files (x86)\Microsoft Visual Studio 10.0\VC\bin\link.exe /ERRORREPORT:PROMPT /OUT:"C:\Users\Theai\Documents\SP1\Debug\SP1Framework.exe" /INCREMENTAL:NO /NOLOGO winmm.lib kernel32.lib user32.lib gdi32.lib winspool.lib comdlg32.lib advapi32.lib shell32.lib ole32.lib oleaut32.lib uuid.lib odbc32.lib odbccp32.lib /MANIFEST /ManifestFile:"Debug\SP1Framework.exe.intermediate.manifest" /MANIFESTUAC:"level='asInvoker' uiAccess='false'" /DEBUG /PDB:"C:\Users\Theai\Documents\SP1\Debug\SP1Framework.pdb" /SUBSYSTEM:CONSOLE /TLBID:1 /DYNAMICBASE /NXCOMPAT /IMPLIB:"C:\Users\Theai\Documents\SP1\Debug\SP1Framework.lib" /MACHINE:X86 Debug\console.obj
         Debug\timer.obj
         Debug\game.obj
         Debug\main.obj
     1>console.obj : warning LNK4075: ignoring '/EDITANDCONTINUE' due to '/INCREMENTAL:NO' specification
         SP1Framework.vcxproj -> C:\Users\Theai\Documents\SP1\Debug\SP1Framework.exe
       Manifest:
         C:\Program Files (x86)\Microsoft SDKs\Windows\v7.0A\bin\mt.exe /nologo /verbose /outputresource:"C:\Users\Theai\Documents\SP1\Debug\SP1Framework.exe;#1" /manifest Debug\SP1Framework.exe.intermediate.manifest
       FinalizeBuildStatus:
         Deleting file "Debug\SP1Framework.unsuccessfulbuild".
         Touching "Debug\SP1Framework.lastbuildstate".
     1>Done Building Project "C:\Users\Theai\Documents\SP1\SP1Framework.vcxproj" (build target(s)).

Build succeeded.

Time Elapsed 00:00:01.21
